labgob warning: Decoding into a non-default variable/field Err may not work
Test: progress in majority (3A) ...
  ... Passed --   1.0  5   152    2
Test: no progress in minority (3A) ...
--- FAIL: TestOnePartition3A (1.93s)
    test_test.go:576: Get in minority completed
FAIL
exit status 1
FAIL	6.824_new/src/kvraft	1.935s
sleep for a while

labgob warning: Decoding into a non-default variable/field Err may not work
Test: progress in majority (3A) ...
  ... Passed --   1.1  5   153    2
Test: no progress in minority (3A) ...
--- FAIL: TestOnePartition3A (1.69s)
    test_test.go:576: Get in minority completed
FAIL
exit status 1
FAIL	6.824_new/src/kvraft	1.696s
sleep for a while

labgob warning: Decoding into a non-default variable/field Err may not work
Test: progress in majority (3A) ...
  ... Passed --   1.1  5   150    2
Test: no progress in minority (3A) ...
--- FAIL: TestOnePartition3A (1.71s)
    test_test.go:576: Get in minority completed
FAIL
exit status 1
FAIL	6.824_new/src/kvraft	1.710s
sleep for a while

labgob warning: Decoding into a non-default variable/field Err may not work
Test: progress in majority (3A) ...
  ... Passed --   1.2  5   179    2
Test: no progress in minority (3A) ...
--- FAIL: TestOnePartition3A (1.82s)
    test_test.go:576: Get in minority completed
FAIL
exit status 1
FAIL	6.824_new/src/kvraft	1.825s
sleep for a while

labgob warning: Decoding into a non-default variable/field Err may not work
Test: progress in majority (3A) ...
  ... Passed --   1.1  5   149    2
Test: no progress in minority (3A) ...
--- FAIL: TestOnePartition3A (1.79s)
    test_test.go:576: Get in minority completed
FAIL
exit status 1
FAIL	6.824_new/src/kvraft	1.789s
sleep for a while

labgob warning: Decoding into a non-default variable/field Err may not work
Test: progress in majority (3A) ...
  ... Passed --   0.7  5   113    2
Test: no progress in minority (3A) ...
--- FAIL: TestOnePartition3A (1.44s)
    test_test.go:576: Get in minority completed
FAIL
exit status 1
FAIL	6.824_new/src/kvraft	1.440s
sleep for a while

labgob warning: Decoding into a non-default variable/field Err may not work
Test: progress in majority (3A) ...
  ... Passed --   0.8  5   112    2
Test: no progress in minority (3A) ...
--- FAIL: TestOnePartition3A (1.43s)
    test_test.go:576: Get in minority completed
FAIL
exit status 1
FAIL	6.824_new/src/kvraft	1.435s
sleep for a while

labgob warning: Decoding into a non-default variable/field Err may not work
Test: progress in majority (3A) ...
  ... Passed --   0.8  5   125    2
Test: no progress in minority (3A) ...
--- FAIL: TestOnePartition3A (1.55s)
    test_test.go:576: Get in minority completed
FAIL
exit status 1
FAIL	6.824_new/src/kvraft	1.552s
sleep for a while

labgob warning: Decoding into a non-default variable/field Err may not work
Test: progress in majority (3A) ...
  ... Passed --   0.9  5   148    2
Test: no progress in minority (3A) ...
--- FAIL: TestOnePartition3A (1.64s)
    test_test.go:576: Get in minority completed
FAIL
exit status 1
FAIL	6.824_new/src/kvraft	1.645s
sleep for a while

labgob warning: Decoding into a non-default variable/field Err may not work
Test: progress in majority (3A) ...
  ... Passed --   0.7  5    95    2
Test: no progress in minority (3A) ...
--- FAIL: TestOnePartition3A (1.44s)
    test_test.go:576: Get in minority completed
FAIL
exit status 1
FAIL	6.824_new/src/kvraft	1.441s
sleep for a while

labgob warning: Decoding into a non-default variable/field Err may not work
Test: progress in majority (3A) ...
  ... Passed --   0.7  5   113    2
Test: no progress in minority (3A) ...
--- FAIL: TestOnePartition3A (1.34s)
    test_test.go:576: Get in minority completed
FAIL
exit status 1
FAIL	6.824_new/src/kvraft	1.347s
sleep for a while

labgob warning: Decoding into a non-default variable/field Err may not work
Test: progress in majority (3A) ...
  ... Passed --   0.9  5   114    2
Test: no progress in minority (3A) ...
--- FAIL: TestOnePartition3A (1.60s)
    test_test.go:576: Get in minority completed
FAIL
exit status 1
FAIL	6.824_new/src/kvraft	1.600s
sleep for a while

labgob warning: Decoding into a non-default variable/field Err may not work
Test: progress in majority (3A) ...
  ... Passed --   1.1  5   162    2
Test: no progress in minority (3A) ...
--- FAIL: TestOnePartition3A (1.76s)
    test_test.go:576: Get in minority completed
FAIL
exit status 1
FAIL	6.824_new/src/kvraft	1.766s
sleep for a while

labgob warning: Decoding into a non-default variable/field Err may not work
Test: progress in majority (3A) ...
  ... Passed --   1.0  5   151    2
Test: no progress in minority (3A) ...
--- FAIL: TestOnePartition3A (1.79s)
    test_test.go:576: Get in minority completed
FAIL
exit status 1
FAIL	6.824_new/src/kvraft	1.798s
sleep for a while

labgob warning: Decoding into a non-default variable/field Err may not work
Test: progress in majority (3A) ...
  ... Passed --   1.3  5   172    2
Test: no progress in minority (3A) ...
--- FAIL: TestOnePartition3A (2.10s)
    test_test.go:576: Get in minority completed
FAIL
exit status 1
FAIL	6.824_new/src/kvraft	2.102s
sleep for a while

labgob warning: Decoding into a non-default variable/field Err may not work
Test: progress in majority (3A) ...
  ... Passed --   0.8  5   136    2
Test: no progress in minority (3A) ...
--- FAIL: TestOnePartition3A (1.47s)
    test_test.go:576: Get in minority completed
FAIL
exit status 1
FAIL	6.824_new/src/kvraft	1.477s
sleep for a while

labgob warning: Decoding into a non-default variable/field Err may not work
Test: progress in majority (3A) ...
  ... Passed --   0.9  5   150    2
Test: no progress in minority (3A) ...
--- FAIL: TestOnePartition3A (1.46s)
    test_test.go:576: Get in minority completed
FAIL
exit status 1
FAIL	6.824_new/src/kvraft	1.464s
sleep for a while

labgob warning: Decoding into a non-default variable/field Err may not work
Test: progress in majority (3A) ...
  ... Passed --   1.0  5   140    2
Test: no progress in minority (3A) ...
--- FAIL: TestOnePartition3A (1.71s)
    test_test.go:576: Get in minority completed
FAIL
exit status 1
FAIL	6.824_new/src/kvraft	1.716s
sleep for a while

labgob warning: Decoding into a non-default variable/field Err may not work
Test: progress in majority (3A) ...
  ... Passed --   0.7  5   116    2
Test: no progress in minority (3A) ...
--- FAIL: TestOnePartition3A (1.26s)
    test_test.go:576: Get in minority completed
FAIL
exit status 1
FAIL	6.824_new/src/kvraft	1.273s
sleep for a while

labgob warning: Decoding into a non-default variable/field Err may not work
signal: interrupt
FAIL	6.824_new/src/kvraft	0.334s
